<?xml version="1.0" encoding="UTF-8"?>
<!-- Generated by org.testng.reporters.JUnitReportReporter -->
<testsuite hostname="LAPTOP-KGDMBK1V" failures="0" tests="1" name="com.demopkg.TestCase002" time="15.724" errors="0" timestamp="28 Sep 2021 10:46:33 GMT" skipped="0">
  <testcase classname="com.demopkg.TestCase002" name="m1" time="15.724"/>
</testsuite> <!-- com.demopkg.TestCase002 -->
